{"C:\\Users\\carlo\\Documents\\Carlos\\Programacion\\prueba-logi-travel\\src\\domain\\services\\TextListService.ts": {"path":"C:\\Users\\carlo\\Documents\\Carlos\\Programacion\\prueba-logi-travel\\src\\domain\\services\\TextListService.ts","statementMap":{"0":{"start":{"line":7,"column":0},"end":{"line":7,"column":16}},"1":{"start":{"line":1,"column":0},"end":{"line":1,"column":34}},"2":{"start":{"line":8,"column":18},"end":{"line":8,"column":30}},"3":{"start":{"line":9,"column":2},"end":{"line":9,"column":28}},"4":{"start":{"line":9,"column":16},"end":{"line":9,"column":28}},"5":{"start":{"line":11,"column":2},"end":{"line":18,"column":4}}},"fnMap":{"0":{"name":"addTextItem","decl":{"start":{"line":7,"column":16},"end":{"line":7,"column":27}},"loc":{"start":{"line":7,"column":57},"end":{"line":19,"column":1}}}},"branchMap":{"0":{"loc":{"start":{"line":9,"column":2},"end":{"line":9,"column":28}},"type":"if","locations":[{"start":{"line":9,"column":2},"end":{"line":9,"column":28}},{"start":{},"end":{}}]}},"s":{"0":1,"1":1,"2":9,"3":9,"4":2,"5":7},"f":{"0":9},"b":{"0":[2,7]}}
,"C:\\Users\\carlo\\Documents\\Carlos\\Programacion\\prueba-logi-travel\\src\\infraestructure\\ui\\App.tsx": {"path":"C:\\Users\\carlo\\Documents\\Carlos\\Programacion\\prueba-logi-travel\\src\\infraestructure\\ui\\App.tsx","statementMap":{"0":{"start":{"line":1,"column":0},"end":{"line":1,"column":45}},"1":{"start":{"line":4,"column":2},"end":{"line":17,"column":4}},"2":{"start":{"line":20,"column":0},"end":{"line":20,"column":19}}},"fnMap":{"0":{"name":"App","decl":{"start":{"line":3,"column":9},"end":{"line":3,"column":12}},"loc":{"start":{"line":3,"column":12},"end":{"line":18,"column":1}}}},"branchMap":{},"s":{"0":0,"1":0,"2":0},"f":{"0":0},"b":{}}
,"C:\\Users\\carlo\\Documents\\Carlos\\Programacion\\prueba-logi-travel\\src\\infraestructure\\ui\\components\\index.ts": {"path":"C:\\Users\\carlo\\Documents\\Carlos\\Programacion\\prueba-logi-travel\\src\\infraestructure\\ui\\components\\index.ts","statementMap":{"0":{"start":{"line":1,"column":0},"end":{"line":1,"column":9}},"1":{"start":{"line":1,"column":9},"end":{"line":1,"column":28}}},"fnMap":{"0":{"name":"(anonymous_1)","decl":{"start":{"line":1,"column":9},"end":{"line":1,"column":16}},"loc":{"start":{"line":1,"column":9},"end":{"line":1,"column":28}}}},"branchMap":{},"s":{"0":0,"1":0},"f":{"0":0},"b":{}}
,"C:\\Users\\carlo\\Documents\\Carlos\\Programacion\\prueba-logi-travel\\src\\infraestructure\\ui\\components\\TextList\\index.tsx": {"path":"C:\\Users\\carlo\\Documents\\Carlos\\Programacion\\prueba-logi-travel\\src\\infraestructure\\ui\\components\\TextList\\index.tsx","statementMap":{"0":{"start":{"line":1,"column":0},"end":{"line":1,"column":42}},"1":{"start":{"line":2,"column":0},"end":{"line":2,"column":40}},"2":{"start":{"line":4,"column":17},"end":{"line":17,"column":1}},"3":{"start":{"line":5,"column":2},"end":{"line":16,"column":4}},"4":{"start":{"line":19,"column":0},"end":{"line":19,"column":24}}},"fnMap":{"0":{"name":"(anonymous_1)","decl":{"start":{"line":4,"column":17},"end":{"line":4,"column":20}},"loc":{"start":{"line":4,"column":22},"end":{"line":17,"column":1}}}},"branchMap":{},"s":{"0":0,"1":0,"2":0,"3":0,"4":0},"f":{"0":0},"b":{}}
,"C:\\Users\\carlo\\Documents\\Carlos\\Programacion\\prueba-logi-travel\\src\\infraestructure\\ui\\components\\TextList\\components\\List\\List.tsx": {"path":"C:\\Users\\carlo\\Documents\\Carlos\\Programacion\\prueba-logi-travel\\src\\infraestructure\\ui\\components\\TextList\\components\\List\\List.tsx","statementMap":{"0":{"start":{"line":1,"column":0},"end":{"line":1,"column":39}},"1":{"start":{"line":2,"column":0},"end":{"line":2,"column":33}},"2":{"start":{"line":3,"column":0},"end":{"line":3,"column":39}},"3":{"start":{"line":5,"column":17},"end":{"line":16,"column":1}},"4":{"start":{"line":6,"column":2},"end":{"line":15,"column":4}},"5":{"start":{"line":10,"column":10},"end":{"line":10,"column":35}},"6":{"start":{"line":18,"column":0},"end":{"line":18,"column":24}}},"fnMap":{"0":{"name":"(anonymous_1)","decl":{"start":{"line":5,"column":17},"end":{"line":5,"column":20}},"loc":{"start":{"line":5,"column":22},"end":{"line":16,"column":1}}},"1":{"name":"(anonymous_2)","decl":{"start":{"line":9,"column":65},"end":{"line":9,"column":66}},"loc":{"start":{"line":10,"column":10},"end":{"line":10,"column":35}}}},"branchMap":{},"s":{"0":1,"1":1,"2":1,"3":1,"4":7,"5":35,"6":1},"f":{"0":7,"1":35},"b":{}}
,"C:\\Users\\carlo\\Documents\\Carlos\\Programacion\\prueba-logi-travel\\src\\infraestructure\\ui\\components\\TextList\\components\\ListItem\\index.tsx": {"path":"C:\\Users\\carlo\\Documents\\Carlos\\Programacion\\prueba-logi-travel\\src\\infraestructure\\ui\\components\\TextList\\components\\ListItem\\index.tsx","statementMap":{"0":{"start":{"line":1,"column":0},"end":{"line":1,"column":43}},"1":{"start":{"line":3,"column":21},"end":{"line":5,"column":1}},"2":{"start":{"line":4,"column":2},"end":{"line":4,"column":59}},"3":{"start":{"line":7,"column":0},"end":{"line":7,"column":28}}},"fnMap":{"0":{"name":"(anonymous_1)","decl":{"start":{"line":3,"column":21},"end":{"line":3,"column":22}},"loc":{"start":{"line":3,"column":52},"end":{"line":5,"column":1}}}},"branchMap":{},"s":{"0":0,"1":0,"2":0,"3":0},"f":{"0":0},"b":{}}
,"C:\\Users\\carlo\\Documents\\Carlos\\Programacion\\prueba-logi-travel\\src\\infraestructure\\ui\\components\\TextList\\components\\Toolbar\\index.tsx": {"path":"C:\\Users\\carlo\\Documents\\Carlos\\Programacion\\prueba-logi-travel\\src\\infraestructure\\ui\\components\\TextList\\components\\Toolbar\\index.tsx","statementMap":{"0":{"start":{"line":1,"column":0},"end":{"line":1,"column":43}},"1":{"start":{"line":2,"column":0},"end":{"line":2,"column":42}},"2":{"start":{"line":4,"column":16},"end":{"line":29,"column":1}},"3":{"start":{"line":5,"column":2},"end":{"line":28,"column":4}},"4":{"start":{"line":31,"column":0},"end":{"line":31,"column":23}}},"fnMap":{"0":{"name":"(anonymous_1)","decl":{"start":{"line":4,"column":16},"end":{"line":4,"column":19}},"loc":{"start":{"line":4,"column":21},"end":{"line":29,"column":1}}}},"branchMap":{},"s":{"0":0,"1":0,"2":0,"3":0,"4":0},"f":{"0":0},"b":{}}
}
