{"C:\\Users\\carlo\\Documents\\Carlos\\Programacion\\prueba-logi-travel\\src\\domain\\services\\TextListService.ts": {"path":"C:\\Users\\carlo\\Documents\\Carlos\\Programacion\\prueba-logi-travel\\src\\domain\\services\\TextListService.ts","statementMap":{"0":{"start":{"line":7,"column":0},"end":{"line":7,"column":16}},"1":{"start":{"line":1,"column":0},"end":{"line":1,"column":34}},"2":{"start":{"line":8,"column":18},"end":{"line":8,"column":30}},"3":{"start":{"line":9,"column":2},"end":{"line":9,"column":28}},"4":{"start":{"line":9,"column":16},"end":{"line":9,"column":28}},"5":{"start":{"line":11,"column":2},"end":{"line":18,"column":4}}},"fnMap":{"0":{"name":"addTextItem","decl":{"start":{"line":7,"column":16},"end":{"line":7,"column":27}},"loc":{"start":{"line":7,"column":57},"end":{"line":19,"column":1}}}},"branchMap":{"0":{"loc":{"start":{"line":9,"column":2},"end":{"line":9,"column":28}},"type":"if","locations":[{"start":{"line":9,"column":2},"end":{"line":9,"column":28}},{"start":{},"end":{}}]}},"s":{"0":1,"1":1,"2":9,"3":9,"4":2,"5":7},"f":{"0":9},"b":{"0":[2,7]}}
}
