TN:
SF:src\domain\services\TextListService.ts
FN:4,addTextItem
FN:18,sortById
FN:27,applyUndoAction
FN:30,(anonymous_3)
FN:34,(anonymous_4)
FN:54,createAddUndoAction
FN:58,createDeleteSelectedUndoAction
FN:64,createDeleteItemUndoAction
FNF:8
FNH:8
FNDA:33,addTextItem
FNDA:14,sortById
FNDA:12,applyUndoAction
FNDA:6,(anonymous_3)
FNDA:9,(anonymous_4)
FNDA:23,createAddUndoAction
FNDA:4,createDeleteSelectedUndoAction
FNDA:4,createDeleteItemUndoAction
DA:1,3
DA:4,3
DA:5,33
DA:6,33
DA:8,29
DA:19,14
DA:20,14
DA:21,14
DA:22,9
DA:24,5
DA:27,3
DA:28,12
DA:30,6
DA:34,9
DA:38,5
DA:42,3
DA:46,3
DA:50,1
DA:54,3
DA:55,23
DA:58,3
DA:61,4
DA:64,3
DA:65,4
LF:24
LH:24
BRDA:6,0,0,4
BRDA:6,0,1,29
BRDA:21,1,0,9
BRDA:21,1,1,5
BRDA:21,2,0,14
BRDA:21,2,1,9
BRDA:28,3,0,3
BRDA:28,3,1,5
BRDA:28,3,2,3
BRDA:28,3,3,1
BRF:10
BRH:10
end_of_record
TN:
SF:src\infraestructure\ui\App.tsx
FN:3,App
FNF:1
FNH:1
FNDA:3,App
DA:1,1
DA:4,3
DA:7,1
LF:3
LH:3
BRF:0
BRH:0
end_of_record
TN:
SF:src\infraestructure\ui\components\index.ts
FN:1,(anonymous_1)
FN:3,(anonymous_2)
FNF:2
FNH:0
FNDA:0,(anonymous_1)
FNDA:0,(anonymous_2)
DA:1,0
DA:3,0
LF:2
LH:0
BRF:0
BRH:0
end_of_record
TN:
SF:src\infraestructure\ui\components\Modal\Modal.tsx
FN:11,(anonymous_1)
FN:14,(anonymous_2)
FNF:2
FNH:2
FNDA:12,(anonymous_1)
FNDA:3,(anonymous_2)
DA:2,2
DA:3,2
DA:11,2
DA:12,12
DA:14,4
DA:15,3
DA:16,1
DA:20,4
LF:8
LH:8
BRDA:12,0,0,8
BRDA:12,0,1,4
BRDA:15,1,0,1
BRDA:15,1,1,2
BRF:4
BRH:4
end_of_record
TN:
SF:src\infraestructure\ui\components\Modal\index.ts
FN:1,(anonymous_0)
FNF:1
FNH:1
FNDA:7,(anonymous_0)
DA:1,8
LF:1
LH:1
BRF:0
BRH:0
end_of_record
TN:
SF:src\infraestructure\ui\components\TextList\index.tsx
FN:4,(anonymous_1)
FNF:1
FNH:1
FNDA:7,(anonymous_1)
DA:1,1
DA:2,1
DA:4,1
DA:5,7
DA:19,1
LF:5
LH:5
BRF:0
BRH:0
end_of_record
TN:
SF:src\infraestructure\ui\components\TextList\components\AddItemForm\AddItemForm.tsx
FN:10,(anonymous_1)
FN:18,(anonymous_2)
FN:33,(anonymous_3)
FN:40,(anonymous_4)
FNF:4
FNH:4
FNDA:15,(anonymous_1)
FNDA:3,(anonymous_2)
FNDA:6,(anonymous_3)
FNDA:1,(anonymous_4)
DA:1,2
DA:2,2
DA:10,2
DA:15,15
DA:16,15
DA:18,15
DA:19,3
DA:21,3
DA:23,3
DA:24,2
DA:25,2
DA:28,1
DA:29,1
DA:30,1
DA:33,15
DA:34,6
DA:35,6
DA:36,1
DA:40,15
DA:41,1
DA:42,1
DA:43,1
DA:46,15
LF:23
LH:23
BRDA:13,0,0,14
BRDA:23,1,0,2
BRDA:23,1,1,1
BRDA:35,2,0,1
BRDA:35,2,1,5
BRDA:57,3,0,2
BRDA:57,3,1,13
BRDA:63,4,0,15
BRDA:63,4,1,2
BRDA:72,5,0,1
BRDA:72,5,1,14
BRF:11
BRH:11
end_of_record
TN:
SF:src\infraestructure\ui\components\TextList\components\AddItemForm\index.ts
FN:1,(anonymous_0)
FNF:1
FNH:1
FNDA:7,(anonymous_0)
DA:1,8
LF:1
LH:1
BRF:0
BRH:0
end_of_record
TN:
SF:src\infraestructure\ui\components\TextList\components\List\List.tsx
FN:9,(anonymous_1)
FN:25,(anonymous_2)
FN:36,(anonymous_3)
FNF:3
FNH:1
FNDA:7,(anonymous_1)
FNDA:0,(anonymous_2)
FNDA:0,(anonymous_3)
DA:2,1
DA:3,1
DA:4,1
DA:5,1
DA:6,1
DA:7,1
DA:9,1
DA:23,7
DA:25,7
DA:27,7
DA:37,0
DA:69,1
LF:12
LH:11
BRDA:30,0,0,7
BRDA:30,0,1,0
BRF:2
BRH:1
end_of_record
TN:
SF:src\infraestructure\ui\components\TextList\components\ListItem\index.tsx
FN:12,(anonymous_1)
FN:21,(anonymous_2)
FN:29,(anonymous_3)
FNF:3
FNH:3
FNDA:14,(anonymous_1)
FNDA:13,(anonymous_2)
FNDA:9,(anonymous_3)
DA:1,1
DA:2,1
DA:12,1
DA:19,14
DA:21,14
DA:22,13
DA:23,2
DA:24,2
DA:25,2
DA:26,2
DA:29,11
DA:30,9
DA:31,9
DA:35,14
DA:45,1
LF:15
LH:15
BRDA:22,0,0,2
BRDA:22,0,1,11
BRDA:37,1,0,1
BRDA:37,1,1,13
BRF:4
BRH:4
end_of_record
TN:
SF:src\infraestructure\ui\components\TextList\components\Toolbar\index.tsx
FN:13,(anonymous_1)
FNF:1
FNH:1
FNDA:11,(anonymous_1)
DA:1,1
DA:2,1
DA:13,1
DA:21,11
DA:56,1
LF:5
LH:5
BRDA:17,0,0,0
BRDA:18,1,0,0
BRDA:19,2,0,0
BRDA:44,3,0,11
BRDA:44,3,1,3
BRF:5
BRH:2
end_of_record
TN:
SF:src\infraestructure\ui\components\TextList\hooks\useTextList.ts
FN:11,(anonymous_7)
FN:17,(anonymous_8)
FN:17,(anonymous_9)
FN:21,(anonymous_10)
FN:23,(anonymous_11)
FN:29,(anonymous_12)
FN:42,(anonymous_13)
FN:45,(anonymous_14)
FN:49,(anonymous_15)
FN:55,(anonymous_16)
FN:59,(anonymous_17)
FN:63,(anonymous_18)
FN:64,(anonymous_19)
FN:65,(anonymous_20)
FN:66,(anonymous_21)
FN:70,(anonymous_22)
FN:77,(anonymous_23)
FN:78,(anonymous_24)
FN:79,(anonymous_25)
FN:80,(anonymous_26)
FN:84,(anonymous_27)
FN:91,(anonymous_28)
FN:92,(anonymous_29)
FN:93,(anonymous_30)
FN:99,(anonymous_31)
FNF:25
FNH:25
FNDA:90,(anonymous_7)
FNDA:24,(anonymous_8)
FNDA:24,(anonymous_9)
FNDA:24,(anonymous_10)
FNDA:24,(anonymous_11)
FNDA:22,(anonymous_12)
FNDA:7,(anonymous_13)
FNDA:6,(anonymous_14)
FNDA:6,(anonymous_15)
FNDA:1,(anonymous_16)
FNDA:1,(anonymous_17)
FNDA:4,(anonymous_18)
FNDA:4,(anonymous_19)
FNDA:9,(anonymous_20)
FNDA:9,(anonymous_21)
FNDA:3,(anonymous_22)
FNDA:4,(anonymous_23)
FNDA:4,(anonymous_24)
FNDA:4,(anonymous_25)
FNDA:7,(anonymous_26)
FNDA:3,(anonymous_27)
FNDA:8,(anonymous_28)
FNDA:8,(anonymous_29)
FNDA:19,(anonymous_30)
FNDA:96,(anonymous_31)
DA:1,2
DA:2,2
DA:11,2
DA:12,90
DA:13,90
DA:14,90
DA:15,90
DA:17,90
DA:18,24
DA:20,24
DA:21,24
DA:23,24
DA:24,24
DA:26,24
DA:27,22
DA:28,22
DA:29,22
DA:32,24
DA:34,24
DA:36,0
DA:38,24
DA:42,90
DA:43,7
DA:45,6
DA:46,6
DA:47,6
DA:49,6
DA:51,6
DA:55,90
DA:56,1
DA:59,90
DA:60,1
DA:63,90
DA:64,4
DA:65,9
DA:66,9
DA:68,4
DA:69,3
DA:70,3
DA:73,4
DA:77,90
DA:78,4
DA:79,4
DA:80,7
DA:82,4
DA:83,3
DA:84,3
DA:87,4
DA:91,90
DA:92,8
DA:93,8
DA:94,19
DA:99,96
DA:100,90
DA:102,90
LF:55
LH:54
BRDA:26,0,0,22
BRDA:26,0,1,2
BRDA:43,1,0,1
BRDA:43,1,1,6
BRDA:68,2,0,3
BRDA:68,2,1,1
BRDA:82,3,0,3
BRDA:82,3,1,1
BRDA:94,4,0,8
BRDA:94,4,1,11
BRF:10
BRH:10
end_of_record
