TN:
SF:src\domain\services\TextListService.ts
FN:7,addTextItem
FNF:1
FNH:1
FNDA:9,addTextItem
DA:1,1
DA:7,1
DA:8,9
DA:9,9
DA:11,7
LF:5
LH:5
BRDA:9,0,0,2
BRDA:9,0,1,7
BRF:2
BRH:2
end_of_record
TN:
SF:src\infraestructure\ui\App.tsx
FN:3,App
FNF:1
FNH:0
FNDA:0,App
DA:1,0
DA:4,0
DA:20,0
LF:3
LH:0
BRF:0
BRH:0
end_of_record
TN:
SF:src\infraestructure\ui\components\index.ts
FN:1,(anonymous_1)
FNF:1
FNH:0
FNDA:0,(anonymous_1)
DA:1,0
LF:1
LH:0
BRF:0
BRH:0
end_of_record
TN:
SF:src\infraestructure\ui\components\TextList\index.tsx
FN:4,(anonymous_1)
FNF:1
FNH:0
FNDA:0,(anonymous_1)
DA:1,0
DA:2,0
DA:4,0
DA:5,0
DA:19,0
LF:5
LH:0
BRF:0
BRH:0
end_of_record
TN:
SF:src\infraestructure\ui\components\TextList\components\List\List.tsx
FN:5,(anonymous_1)
FN:9,(anonymous_2)
FNF:2
FNH:2
FNDA:7,(anonymous_1)
FNDA:35,(anonymous_2)
DA:1,1
DA:2,1
DA:3,1
DA:5,1
DA:6,7
DA:10,35
DA:18,1
LF:7
LH:7
BRF:0
BRH:0
end_of_record
TN:
SF:src\infraestructure\ui\components\TextList\components\ListItem\index.tsx
FN:3,(anonymous_1)
FNF:1
FNH:0
FNDA:0,(anonymous_1)
DA:1,0
DA:3,0
DA:4,0
DA:7,0
LF:4
LH:0
BRF:0
BRH:0
end_of_record
TN:
SF:src\infraestructure\ui\components\TextList\components\Toolbar\index.tsx
FN:4,(anonymous_1)
FNF:1
FNH:0
FNDA:0,(anonymous_1)
DA:1,0
DA:2,0
DA:4,0
DA:5,0
DA:31,0
LF:5
LH:0
BRF:0
BRH:0
end_of_record
